<?xml version="1.0" encoding="UTF-8"?>
<!-- Generated by org.testng.reporters.JUnitReportReporter -->
<testsuite skipped="0" hostname="DESKTOP-H2M3TG4" name="regres.in.test.RegresInSuite" tests="3" failures="0" timestamp="05 sep 2020 04:03:56 GMT" time="8.839" errors="0">
  <testcase name="testRestAPI" time="1.830" classname="regres.in.test.RegresInSuite"/>
  <testcase name="testRest2API" time="5.897" classname="regres.in.test.RegresInSuite"/>
  <testcase name="testRest3API" time="1.112" classname="regres.in.test.RegresInSuite"/>
</testsuite> <!-- regres.in.test.RegresInSuite -->
